<?xml version="1.0" encoding="UTF-8"?>
<!-- Generated by org.testng.reporters.JUnitReportReporter -->
<testsuite hostname="DESKTOP-OJD6TFS" name="com.shoaib.selenium.ContentVerificationInPDF" tests="1" failures="0" timestamp="13 Sep 2020 18:45:33 GMT" time="9.336" errors="0">
  <testcase name="VerifyContentInPDF" time="9.336" classname="com.shoaib.selenium.ContentVerificationInPDF"/>
</testsuite> <!-- com.shoaib.selenium.ContentVerificationInPDF -->
